<?xml version="1.0" encoding="UTF-8"?>
<testExecutions version="1">
  <file path="/Users/jonathan/projects/jobhunter/src/App.test.tsx">
    <testCase name="renders learn react link" duration="155">
      <failure message="Error: Unable to find an element with the text: /learn react/i. This could be because the text is broken up by multiple elements. In this case, you can provide a function for your text matcher to make your matcher more flexible."><![CDATA[Error: Unable to find an element with the text: /learn react/i. This could be because the text is broken up by multiple elements. In this case, you can provide a function for your text matcher to make your matcher more flexible.

<body>
  <div>
    <div
      class="App"
    >
      <div
        class="MuiGrid-root MuiGrid-container MuiGrid-spacing-xs-2 MuiGrid-direction-xs-column MuiGrid-align-items-xs-center MuiGrid-justify-xs-center"
      >
        <div
          class="makeStyles-root-104"
        >
          <div
            class="MuiGrid-root MuiGrid-container MuiGrid-align-items-xs-center"
          >
            <div
              class="MuiGrid-root MuiGrid-item MuiGrid-grid-xs-12 MuiGrid-grid-sm-9"
            >
              <div
                class="MuiFormControl-root MuiTextField-root"
              >
                <label
                  class="MuiFormLabel-root MuiInputLabel-root MuiInputLabel-formControl MuiInputLabel-animated"
                  data-shrink="false"
                  for="standard-basic"
                  id="standard-basic-label"
                >
                  Search for a job...
                </label>
                <div
                  class="MuiInputBase-root MuiInput-root MuiInput-underline MuiInputBase-formControl MuiInput-formControl"
                >
                  <input
                    aria-invalid="false"
                    class="MuiInputBase-input MuiInput-input"
                    id="standard-basic"
                    type="text"
                    value=""
                  />
                </div>
              </div>
            </div>
            <div
              class="MuiGrid-root MuiGrid-item MuiGrid-grid-xs-12 MuiGrid-grid-sm-3"
            >
              <button
                class="MuiButtonBase-root MuiButton-root MuiButton-outlined MuiButton-outlinedPrimary"
                tabindex="0"
                type="button"
              >
                <span
                  class="MuiButton-label"
                >
                  Search
                </span>
                <span
                  class="MuiTouchRipple-root"
                />
              </button>
            </div>
          </div>
        </div>
        <div>
          <div
            class="makeStyles-root-195"
          >
            <div
              class="MuiPaper-root makeStyles-paper-196 MuiPaper-elevation1 MuiPaper-rounded"
            >
              <div
                class="MuiTableContainer-root"
              >
                <table
                  aria-label="enhanced table"
                  aria-labelledby="tableTitle"
                  class="MuiTable-root makeStyles-table-197"
                >
                  <thead
                    class="MuiTableHead-root"
                  >
                    <tr
                      class="MuiTableRow-root MuiTableRow-head"
                    >
                      <th
                        class="MuiTableCell-root MuiTableCell-head MuiTableCell-paddingCheckbox"
                        scope="col"
                      >
                        <span
                          aria-disabled="false"
                          class="MuiButtonBase-root MuiIconButton-root PrivateSwitchBase-root-256 MuiCheckbox-root MuiCheckbox-colorSecondary MuiIconButton-colorSecondary"
                        >
                          <span
                            class="MuiIconButton-label"
                          >
                            <input
                              aria-label="select all Jobs"
                              class="PrivateSwitchBase-input-259"
                              data-indeterminate="false"
                              type="checkbox"
                              value=""
                            />
                            <svg
                              aria-hidden="true"
                              class="MuiSvgIcon-root"
                              focusable="false"
                              viewBox="0 0 24 24"
                            >
                              <path
                                d="M19 5v14H5V5h14m0-2H5c-1.1 0-2 .9-2 2v14c0 1.1.9 2 2 2h14c1.1 0 2-.9 2-2V5c0-1.1-.9-2-2-2z"
                              />
                            </svg>
                          </span>
                          <span
                            class="MuiTouchRipple-root"
                          />
                        </span>
                      </th>
                      <th
                        class="MuiTableCell-root MuiTableCell-head MuiTableCell-alignLeft MuiTableCell-paddingNone"
                        scope="col"
                      >
                        <span
                          aria-disabled="false"
                          class="MuiButtonBase-root MuiTableSortLabel-root"
                          role="button"
                          tabindex="0"
                        >
                          Job Title
                          <svg
                            aria-hidden="true"
                            class="MuiSvgIcon-root MuiTableSortLabel-icon MuiTableSortLabel-iconDirectionAsc"
                            focusable="false"
                            viewBox="0 0 24 24"
                          ...
    at Object.getElementError (/Users/jonathan/projects/jobhunter/node_modules/@testing-library/dom/dist/config.js:34:12)
    at /Users/jonathan/projects/jobhunter/node_modules/@testing-library/dom/dist/query-helpers.js:71:38
    at /Users/jonathan/projects/jobhunter/node_modules/@testing-library/dom/dist/query-helpers.js:54:17
    at Object.<anonymous> (/Users/jonathan/projects/jobhunter/src/App.test.tsx:7:23)
    at Object.asyncJestTest (/Users/jonathan/projects/jobhunter/node_modules/jest-jasmine2/build/jasmineAsyncInstall.js:102:37)
    at /Users/jonathan/projects/jobhunter/node_modules/jest-jasmine2/build/queueRunner.js:43:12
    at new Promise (<anonymous>)
    at mapper (/Users/jonathan/projects/jobhunter/node_modules/jest-jasmine2/build/queueRunner.js:26:19)
    at /Users/jonathan/projects/jobhunter/node_modules/jest-jasmine2/build/queueRunner.js:73:41
    at processTicksAndRejections (internal/process/task_queues.js:97:5)]]></failure>
      <failure message="ReferenceError: fetch is not defined"><![CDATA[ReferenceError: fetch is not defined
    at /Users/jonathan/projects/jobhunter/src/utils/fetchJobs.ts:16:20
    at step (/Users/jonathan/projects/jobhunter/src/utils/fetchJobs.ts:33:23)
    at Object.next (/Users/jonathan/projects/jobhunter/src/utils/fetchJobs.ts:14:53)
    at /Users/jonathan/projects/jobhunter/src/utils/fetchJobs.ts:8:71
    at new Promise (<anonymous>)
    at Object.<anonymous>.__awaiter (/Users/jonathan/projects/jobhunter/src/utils/fetchJobs.ts:4:12)
    at Object.fetchJobs [as default] (/Users/jonathan/projects/jobhunter/src/utils/fetchJobs.ts:41:12)
    at /Users/jonathan/projects/jobhunter/src/App.tsx:737:50
    at commitHookEffectListMount (/Users/jonathan/projects/jobhunter/node_modules/react-dom/cjs/react-dom.development.js:19731:26)
    at commitPassiveHookEffects (/Users/jonathan/projects/jobhunter/node_modules/react-dom/cjs/react-dom.development.js:19769:11)
    at HTMLUnknownElement.callCallback (/Users/jonathan/projects/jobhunter/node_modules/react-dom/cjs/react-dom.development.js:188:14)
    at invokeEventListeners (/Users/jonathan/projects/jobhunter/node_modules/jest-environment-jsdom/node_modules/jsdom/lib/jsdom/living/events/EventTarget-impl.js:193:27)
    at HTMLUnknownElementImpl._dispatch (/Users/jonathan/projects/jobhunter/node_modules/jest-environment-jsdom/node_modules/jsdom/lib/jsdom/living/events/EventTarget-impl.js:119:9)
    at HTMLUnknownElementImpl.dispatchEvent (/Users/jonathan/projects/jobhunter/node_modules/jest-environment-jsdom/node_modules/jsdom/lib/jsdom/living/events/EventTarget-impl.js:82:17)
    at HTMLUnknownElementImpl.dispatchEvent (/Users/jonathan/projects/jobhunter/node_modules/jest-environment-jsdom/node_modules/jsdom/lib/jsdom/living/nodes/HTMLElement-impl.js:30:27)
    at HTMLUnknownElement.dispatchEvent (/Users/jonathan/projects/jobhunter/node_modules/jest-environment-jsdom/node_modules/jsdom/lib/jsdom/living/generated/EventTarget.js:157:21)
    at Object.invokeGuardedCallbackDev (/Users/jonathan/projects/jobhunter/node_modules/react-dom/cjs/react-dom.development.js:237:16)
    at invokeGuardedCallback (/Users/jonathan/projects/jobhunter/node_modules/react-dom/cjs/react-dom.development.js:292:31)
    at flushPassiveEffectsImpl (/Users/jonathan/projects/jobhunter/node_modules/react-dom/cjs/react-dom.development.js:22853:9)
    at unstable_runWithPriority (/Users/jonathan/projects/jobhunter/node_modules/scheduler/cjs/scheduler.development.js:653:12)
    at runWithPriority$1 (/Users/jonathan/projects/jobhunter/node_modules/react-dom/cjs/react-dom.development.js:11039:10)
    at flushPassiveEffects (/Users/jonathan/projects/jobhunter/node_modules/react-dom/cjs/react-dom.development.js:22820:12)
    at performSyncWorkOnRoot (/Users/jonathan/projects/jobhunter/node_modules/react-dom/cjs/react-dom.development.js:21737:3)
    at /Users/jonathan/projects/jobhunter/node_modules/react-dom/cjs/react-dom.development.js:11089:24
    at unstable_runWithPriority (/Users/jonathan/projects/jobhunter/node_modules/scheduler/cjs/scheduler.development.js:653:12)
    at runWithPriority$1 (/Users/jonathan/projects/jobhunter/node_modules/react-dom/cjs/react-dom.development.js:11039:10)
    at flushSyncCallbackQueueImpl (/Users/jonathan/projects/jobhunter/node_modules/react-dom/cjs/react-dom.development.js:11084:7)
    at flushSyncCallbackQueue (/Users/jonathan/projects/jobhunter/node_modules/react-dom/cjs/react-dom.development.js:11072:3)
    at batchedUpdates$1 (/Users/jonathan/projects/jobhunter/node_modules/react-dom/cjs/react-dom.development.js:21862:7)
    at act (/Users/jonathan/projects/jobhunter/node_modules/react-dom/cjs/react-dom-test-utils.development.js:929:14)
    at Object.render (/Users/jonathan/projects/jobhunter/node_modules/@testing-library/react/dist/pure.js:82:26)
    at Object.<anonymous> (/Users/jonathan/projects/jobhunter/src/App.test.tsx:6:11)
    at Object.asyncJestTest (/Users/jonathan/projects/jobhunter/node_modules/jest-jasmine2/build/jasmineAsyncInstall.js:102:37)
    at /Users/jonathan/projects/jobhunter/node_modules/jest-jasmine2/build/queueRunner.js:43:12
    at new Promise (<anonymous>)
    at mapper (/Users/jonathan/projects/jobhunter/node_modules/jest-jasmine2/build/queueRunner.js:26:19)
    at /Users/jonathan/projects/jobhunter/node_modules/jest-jasmine2/build/queueRunner.js:73:41
    at processTicksAndRejections (internal/process/task_queues.js:97:5)]]></failure>
    </testCase>
  </file>
</testExecutions>